sh verif-tools/run
*** This is NuSMV 2.6.0 (compiled on Wed Oct 14 15:35:00 2015)
*** Enabled addons are: compass
*** For more information on NuSMV see <http://nusmv.fbk.eu>
*** or email to <nusmv-users@list.fbk.eu>.
*** Please report bugs to <Please report bugs to <nusmv-users@fbk.eu>>

*** Copyright (c) 2010-2014, Fondazione Bruno Kessler

*** This version of NuSMV is linked to the CUDD library version 2.4.1
*** Copyright (c) 1995-2004, Regents of the University of Colorado

*** This version of NuSMV is linked to the MiniSat SAT solver. 
*** See http://minisat.se/MiniSat.html
*** Copyright (c) 2003-2006, Niklas Een, Niklas Sorensson
*** Copyright (c) 2007-2010, Niklas Sorensson

WARNING *** This version of NuSMV is linked to the zchaff SAT         ***
WARNING *** solver (see http://www.princeton.edu/~chaff/zchaff.html). ***
WARNING *** Zchaff is used in Bounded Model Checking when the         ***
WARNING *** system variable "sat_solver" is set to "zchaff".          ***
WARNING *** Notice that zchaff is for non-commercial purposes only.   ***
WARNING *** NO COMMERCIAL USE OF ZCHAFF IS ALLOWED WITHOUT WRITTEN    ***
WARNING *** PERMISSION FROM PRINCETON UNIVERSITY.                     ***
WARNING *** Please contact Sharad Malik (malik@ee.princeton.edu)      ***
WARNING *** for details.                                              ***

-- specification  G ((("dma_en" & dma_in_IVT) | ("data_wr" & daddr_in_IVT)) -> !"exec")  is true
-- specification  G ((!pc_in_srom & access_key) -> "reset")  is true
-- specification  G ((pc_in_srom & "irq") -> "reset")  is true
-- specification  G (((pc_not_in_srom & ("data_en" | "data_wr")) & daddr_in_sdata) -> "reset")  is true
-- specification  G ((((pc_in_srom & "data_wr") & daddr_not_in_sdata) & daddr_not_in_HMAC) -> "reset")  is true
-- specification  G (dma_access_key -> "reset")  is true
-- specification  G (("dma_en" & pc_in_srom) -> "reset")  is true
-- specification  G (dma_access_X_stack -> "reset")  is true
-- specification  G ((("data_wr" & daddr_in_ER) | ("dma_en" & dma_addr_in_ER)) -> !"exec")  is true
-- specification  G ((pc_in_ER & !next(pc_in_ER)) -> (pc_last_ER | !next("exec")))  is true
-- specification  G ((!pc_in_ER & next(pc_in_ER)) -> (next(pc_fst_ER) | !next("exec")))  is true
-- specification  G (((((not_pc_in_ER & "data_wr") & daddr_in_OR) | ("dma_en" & dma_addr_in_OR)) | (pc_in_ER & "dma_en")) -> !"exec")  is true
-- specification  G (((ER_BASE >= LAST_ER | OR_BASE >= LAST_OR) | (ER_BASE <= LAST_SMEM_ADDR & SMEM_BASE <= LAST_ER)) -> !"exec")  is true
-- specification  G ((("data_wr" & daddr_in_META) | ("dma_en" & dma_addr_in_META)) -> !"exec")  is true
-- specification  G ((((("exec1" & "exec2") & "exec3") & "exec4") & "exec5") <-> "exec")  is true
-- specification  G (!"exec1" -> ((!"exec1" U pc_fst_ER) |  G !"exec1"))  is true
-- specification  G (!"exec2" -> ((!"exec2" U pc_fst_ER) |  G !"exec2"))  is true
-- specification  G (!"exec3" -> ((!"exec3" U pc_fst_ER) |  G !"exec3"))  is true
-- specification  G (!"exec4" -> ((!"exec4" U pc_fst_ER) |  G !"exec4"))  is true
-- specification  G (!"exec5" -> ((!"exec5" U pc_fst_ER) |  G !"exec5"))  is true
-- specification  G ("puc" -> !"exec")  is true
######################################################################
Runtime Statistics
------------------
Machine name: gol3400-07
User time   383.904 seconds
System time  1.000 seconds

Average resident text size       =     0K
Average resident data+stack size =     0K
Maximum resident size            = 398166K

Virtual text size                =  8139K
Virtual data size                = 736921K
    data size initialized        =  3424K
    data size uninitialized      =   178K
    data size sbrk               = 733319K
Virtual memory limit             = -2147483648K (-2147483648K)

Major page faults = 0
Minor page faults = 220029
Swaps = 0
Input blocks = 0
Output blocks = 16
Context switch (voluntary) = 1
Context switch (involuntary) = 14032
######################################################################
BDD statistics
--------------------
BDD nodes allocated: 15465048
--------------------
